1553074271239	mozrunner::runner	INFO	Running command: "D:\\Program Files\\Mozilla Firefox\\firefox.exe" "-marionette" "-foreground" "-no-remote" "-profile" "C:\\Users\\loudDD\\AppData\\Local\\Temp\\rust_mozprofile.LFfNTlfZCXHc"
1553074272492	addons.webextension.screenshots@mozilla.org	WARN	Loading extension 'screenshots@mozilla.org': Reading manifest: Invalid host permission: resource://pdf.js/
1553074272492	addons.webextension.screenshots@mozilla.org	WARN	Loading extension 'screenshots@mozilla.org': Reading manifest: Invalid host permission: about:reader*
1553074274166	Marionette	INFO	Listening on port 52499
1553074274464	Marionette	WARN	TLS certificate errors will be ignored for this session
[Parent 11364, Gecko_IOThread] WARNING: pipe error: 109: file z:/build/build/src/ipc/chromium/src/chrome/common/ipc_channel_win.cc, line 332
[Parent 11364, Gecko_IOThread] WARNING: pipe error: 109: file z:/build/build/src/ipc/chromium/src/chrome/common/ipc_channel_win.cc, line 332
[Child 20216, Chrome_ChildThread] WARNING: pipe error: 109: file z:/build/build/src/ipc/chromium/src/chrome/common/ipc_channel_win.cc, line 332
[Child 11420, Chrome_ChildThread] WARNING: pipe error: 109: file z:/build/build/src/ipc/chromium/src/chrome/common/ipc_channel_win.cc, line 332
[Child 1142[Child 19912, Chrome_ChildThread] WARNING: pipe error: 109: file z:/build/build/src/ipc/chromium/src/chrome/common/ipc_channel_win.cc, line 332
[Child 199121553074275585	Marionette	INFO	Stopped listening on port 52499
[GPU 16836, 1553074281355	mozrunner::runner	INFO	Running command: "D:\\Program Files\\Mozilla Firefox\\firefox.exe" "-marionette" "-foreground" "-no-remote" "-profile" "C:\\Users\\loudDD\\AppData\\Local\\Temp\\rust_mozprofile.hHa7V72B3Ec7"
1553074282650	addons.webextension.screenshots@mozilla.org	WARN	Loading extension 'screenshots@mozilla.org': Reading manifest: Invalid host permission: resource://pdf.js/
1553074282650	addons.webextension.screenshots@mozilla.org	WARN	Loading extension 'screenshots@mozilla.org': Reading manifest: Invalid host permission: about:reader*
1553074284330	Marionette	INFO	Listening on port 52539
1553074284591	Marionette	WARN	TLS certificate errors will be ignored for this session
[Parent 13640, Gecko_IOThread] WARNING: pipe error: 109: file z:/build/build/src/ipc/chromium/src/chrome/common/ipc_channel_win.cc, line 332
[Child 18808, Chrome_ChildThread] WARNING: pipe error: 109: file z:/build/build/src/ipc/chromium/src/chrome/common/ipc_channel_win.cc, line 332
[Child 3456, Chrome_ChildThread] WARNING: pipe error: 109: file z:/build/build/src/ipc/chromium/src/chrome/common/ipc_channel_win.cc, line 332
[Child 3456, Chrome_C[Parent 13640, Gecko_IOThread] WARNING: pipe error: 109: file z:/build/build/src/ipc/chromium/src/chrome/common/ipc_channel_win.cc, line 332
1553074303268	Marionette	INFO	Stopped listening on port 52539
[GPU 18296, Chrome_Child
###!!! [Parent][RunMessage] Error: Channel closing: too late to send/recv, messages will be lost


###!!! [Parent][DispatchAsyncMessage] Error: PClientSource::Msg_Teardown Route error: message sent to unknown actor ID


###!!! [Parent][DispatchAsyncMessage] Error: PClientSource::Msg_Teardown Route error: message sent to unknown actor ID


###!!! [Parent][DispatchAsyncMessage] Error: PClientManager::Msg_Teardown Route error: message sent to unknown actor ID


###!!! [Parent][DispatchAsyncMessage] Error: PClientManager::Msg_Teardown Route error: message sent to unknown actor ID


###!!! [Parent][DispatchAsyncMessage] Error: PClientSource::Msg_Teardown Route error: message sent to unknown actor ID


###!!! [Parent][DispatchAsyncMessage] Error: PClientManager::Msg_Teardown Route error: message sent to unknown actor ID


###!!! [Parent][DispatchAsyncMessage] Error: PClientSource::Msg_Teardown Route error: message sent to unknown actor ID


###!!! [Parent][DispatchAsyncMessage] Error: PClientManager::Msg_Teardown Route error: message sent to unknown actor ID

1553074553319	mozrunner::runner	INFO	Running command: "D:\\Program Files\\Mozilla Firefox\\firefox.exe" "-marionette" "-foreground" "-no-remote" "-profile" "C:\\Users\\loudDD\\AppData\\Local\\Temp\\rust_mozprofile.ttVfRw9PFVFX"
1553074553758	addons.webextension.screenshots@mozilla.org	WARN	Loading extension 'screenshots@mozilla.org': Reading manifest: Invalid host permission: resource://pdf.js/
1553074553759	addons.webextension.screenshots@mozilla.org	WARN	Loading extension 'screenshots@mozilla.org': Reading manifest: Invalid host permission: about:reader*
1553074556583	Marionette	INFO	Listening on port 52992
1553074556635	Marionette	WARN	TLS certificate errors will be ignored for this session
[Parent 20276, Gecko_IOThread] WARNING: pipe error: 109: file z:/build/build/src/ipc/chromium/src/chrome/common/ipc_channel_win.cc, line 332
[Child 19712, Chrome_ChildThread] WARNING: pipe error: 109: file z:/build/build/src/ipc/chromium/src/chrome/common/ipc_channel_win.cc, line 332
[Child 19712, Ch1553074646674	Marionette	INFO	Stopped listening on port 52992

###!!! [Child][RunMessage] Error: Channel closing: too late to send/recv, messages will be lost

[GPU 11360, Chrome_C
###!!! [Child][MessageChannel::SendAndWait] Error: Channel error: cannot send/recv

